<?xml version="1.0" encoding="UTF-8" standalone="no"?>
<testsuite errors="0" failures="1" name="io.cucumber.core.plugin.JUnitFormatter" skipped="0" tests="1" time="2.352">
    <testcase classname="Navigate to MycontactsForm" name="Add Details to Basic details form" time="2.008">
        <failure message="session not created: This version of ChromeDriver only supports Chrome version 90&#10;Current browser version is 121.0.6167.140 with binary path C:\Program Files\Google\Chrome\Application\chrome.exe&#10;Build info: version: '3.141.59', revision: 'e82be7d358', time: '2018-11-14T08:17:03'&#10;System info: host: 'LAPTOP-Q72SAP8P', ip: '192.168.1.37', os.name: 'Windows 10', os.arch: 'amd64', os.version: '10.0', java.version: '17.0.9'&#10;Driver info: driver.version: ChromeDriver&#10;remote stacktrace: Backtrace:&#10;&#9;Ordinal0 [0x0058C013+2474003]&#10;&#9;Ordinal0 [0x005229C1+2042305]&#10;&#9;Ordinal0 [0x00432F68+1060712]&#10;&#9;Ordinal0 [0x0045188E+1185934]&#10;&#9;Ordinal0 [0x0044D600+1168896]&#10;&#9;Ordinal0 [0x0044AA83+1157763]&#10;&#9;Ordinal0 [0x0047A2A2+1352354]&#10;&#9;Ordinal0 [0x00478FAA+1347498]&#10;&#9;Ordinal0 [0x004766DB+1337051]&#10;&#9;Ordinal0 [0x00453427+1192999]&#10;&#9;Ordinal0 [0x004542EE+1196782]&#10;&#9;Ordinal0 [0x00454279+1196665]&#10;&#9;GetHandleVerifier [0x007196FC+1590332]&#10;&#9;GetHandleVerifier [0x007C8614+2306900]&#10;&#9;GetHandleVerifier [0x00619E93+543699]&#10;&#9;GetHandleVerifier [0x006192CE+540686]&#10;&#9;Ordinal0 [0x005286BA+2066106]&#10;&#9;Ordinal0 [0x0052D1C8+2085320]&#10;&#9;Ordinal0 [0x0052D308+2085640]&#10;&#9;Ordinal0 [0x005367F3+2123763]&#10;&#9;BaseThreadInitThunk [0x76A2FCC9+25]&#10;&#9;RtlGetAppContainerNamedObjectPath [0x76ED7C6E+286]&#10;&#9;RtlGetAppContainerNamedObjectPath [0x76ED7C3E+238]&#10;" type="org.openqa.selenium.SessionNotCreatedException"><![CDATA[Given Go to mycontactsform site.............................................skipped
Then Add the "Roronoa Zoro" and "muthu99n23@gmail.com"......................skipped
Then Enter the "Hello Roronoa Zoro."........................................skipped
Then Click on submit Button.................................................skipped

StackTrace:
org.openqa.selenium.SessionNotCreatedException: session not created: This version of ChromeDriver only supports Chrome version 90
Current browser version is 121.0.6167.140 with binary path C:\Program Files\Google\Chrome\Application\chrome.exe
Build info: version: '3.141.59', revision: 'e82be7d358', time: '2018-11-14T08:17:03'
System info: host: 'LAPTOP-Q72SAP8P', ip: '192.168.1.37', os.name: 'Windows 10', os.arch: 'amd64', os.version: '10.0', java.version: '17.0.9'
Driver info: driver.version: ChromeDriver
remote stacktrace: Backtrace:
	Ordinal0 [0x0058C013+2474003]
	Ordinal0 [0x005229C1+2042305]
	Ordinal0 [0x00432F68+1060712]
	Ordinal0 [0x0045188E+1185934]
	Ordinal0 [0x0044D600+1168896]
	Ordinal0 [0x0044AA83+1157763]
	Ordinal0 [0x0047A2A2+1352354]
	Ordinal0 [0x00478FAA+1347498]
	Ordinal0 [0x004766DB+1337051]
	Ordinal0 [0x00453427+1192999]
	Ordinal0 [0x004542EE+1196782]
	Ordinal0 [0x00454279+1196665]
	GetHandleVerifier [0x007196FC+1590332]
	GetHandleVerifier [0x007C8614+2306900]
	GetHandleVerifier [0x00619E93+543699]
	GetHandleVerifier [0x006192CE+540686]
	Ordinal0 [0x005286BA+2066106]
	Ordinal0 [0x0052D1C8+2085320]
	Ordinal0 [0x0052D308+2085640]
	Ordinal0 [0x005367F3+2123763]
	BaseThreadInitThunk [0x76A2FCC9+25]
	RtlGetAppContainerNamedObjectPath [0x76ED7C6E+286]
	RtlGetAppContainerNamedObjectPath [0x76ED7C3E+238]

	at java.base/jdk.internal.reflect.NativeConstructorAccessorImpl.newInstance0(Native Method)
	at java.base/jdk.internal.reflect.NativeConstructorAccessorImpl.newInstance(NativeConstructorAccessorImpl.java:77)
	at java.base/jdk.internal.reflect.DelegatingConstructorAccessorImpl.newInstance(DelegatingConstructorAccessorImpl.java:45)
	at java.base/java.lang.reflect.Constructor.newInstanceWithCaller(Constructor.java:499)
	at java.base/java.lang.reflect.Constructor.newInstance(Constructor.java:480)
	at org.openqa.selenium.remote.W3CHandshakeResponse.lambda$errorHandler$0(W3CHandshakeResponse.java:62)
	at org.openqa.selenium.remote.HandshakeResponse.lambda$getResponseFunction$0(HandshakeResponse.java:30)
	at org.openqa.selenium.remote.ProtocolHandshake.lambda$createSession$0(ProtocolHandshake.java:126)
	at java.base/java.util.stream.ReferencePipeline$3$1.accept(ReferencePipeline.java:197)
	at java.base/java.util.Spliterators$ArraySpliterator.tryAdvance(Spliterators.java:1002)
	at java.base/java.util.stream.ReferencePipeline.forEachWithCancel(ReferencePipeline.java:129)
	at java.base/java.util.stream.AbstractPipeline.copyIntoWithCancel(AbstractPipeline.java:527)
	at java.base/java.util.stream.AbstractPipeline.copyInto(AbstractPipeline.java:513)
	at java.base/java.util.stream.AbstractPipeline.wrapAndCopyInto(AbstractPipeline.java:499)
	at java.base/java.util.stream.FindOps$FindOp.evaluateSequential(FindOps.java:150)
	at java.base/java.util.stream.AbstractPipeline.evaluate(AbstractPipeline.java:234)
	at java.base/java.util.stream.ReferencePipeline.findFirst(ReferencePipeline.java:647)
	at org.openqa.selenium.remote.ProtocolHandshake.createSession(ProtocolHandshake.java:128)
	at org.openqa.selenium.remote.ProtocolHandshake.createSession(ProtocolHandshake.java:74)
	at org.openqa.selenium.remote.HttpCommandExecutor.execute(HttpCommandExecutor.java:136)
	at org.openqa.selenium.remote.service.DriverCommandExecutor.execute(DriverCommandExecutor.java:83)
	at org.openqa.selenium.remote.RemoteWebDriver.execute(RemoteWebDriver.java:552)
	at org.openqa.selenium.remote.RemoteWebDriver.startSession(RemoteWebDriver.java:213)
	at org.openqa.selenium.remote.RemoteWebDriver.<init>(RemoteWebDriver.java:131)
	at org.openqa.selenium.chrome.ChromeDriver.<init>(ChromeDriver.java:181)
	at org.openqa.selenium.chrome.ChromeDriver.<init>(ChromeDriver.java:168)
	at org.openqa.selenium.chrome.ChromeDriver.<init>(ChromeDriver.java:123)
	at stepdefinitions.ContactformSteps.invokeBrowser(ContactformSteps.java:20)
]]></failure>
    </testcase>
</testsuite>
