<?xml version="1.0" encoding="UTF-8"?>
<!-- Generated by org.testng.reporters.JUnitXMLReporter -->
<testsuite ignored="1" hostname="LAPTOP-Q72SAP8P" failures="7" tests="30" name="Sample Test Case for Package" time="0.172" errors="0" timestamp="2024-01-24T22:25:14 IST">
  <testcase classname="com.testng.training.AssertionExample" name="testFive" time="0.002"/>
  <testcase classname="com.testng.training.AssertionExample" name="testFour" time="0.005">
    <failure type="java.lang.AssertionError" message="Making Test Failure expected [true] but found [false]">
      <![CDATA[java.lang.AssertionError: Making Test Failure expected [true] but found [false]
at com.testng.training.AssertionExample.testFour(AssertionExample.java:31)
at java.base/java.util.ArrayList.forEach(ArrayList.java:1511)
... Removed 30 stack frames]]>
    </failure>
  </testcase> <!-- testFour -->
  <testcase classname="com.testng.training.AssertionExample" name="testOne" time="0.002"/>
  <testcase classname="com.testng.training.AssertionExample" name="testSix" time="0.001"/>
  <testcase classname="com.testng.training.AssertionExample" name="testThree" time="0.001"/>
  <testcase classname="com.testng.training.AssertionExample" name="testTwo" time="0.001">
    <failure type="java.lang.AssertionError" message="expected [200] but found [404]">
      <![CDATA[java.lang.AssertionError: expected [200] but found [404]
at com.testng.training.AssertionExample.testTwo(AssertionExample.java:17)
at java.base/java.util.ArrayList.forEach(ArrayList.java:1511)
... Removed 33 stack frames]]>
    </failure>
  </testcase> <!-- testTwo -->
  <testcase classname="com.testng.training.MultiTestDependency" name="start" time="0.001"/>
  <testcase classname="com.testng.training.MultiTestDependency" name="init" time="0.001"/>
  <testcase classname="com.testng.training.MultiTestDependency" name="process" time="0.001">
    <failure type="java.lang.AssertionError" message="expected [true] but found [false]">
      <![CDATA[java.lang.AssertionError: expected [true] but found [false]
at com.testng.training.MultiTestDependency.process(MultiTestDependency.java:21)
at java.base/java.util.ArrayList.forEach(ArrayList.java:1511)
... Removed 31 stack frames]]>
    </failure>
  </testcase> <!-- process -->
  <testcase classname="com.testng.training.MultiTestDependency" name="stop" time="0.001">
    <skipped/>
  </testcase> <!-- stop -->
  <testcase classname="com.testng.training.PriorityExample" name="testOne" time="0.001"/>
  <testcase classname="com.testng.training.PriorityExample" name="testTwo" time="0.001"/>
  <testcase classname="com.testng.training.PriorityExample" name="testThree" time="0.001"/>
  <testcase classname="com.testng.training.PriorityExample" name="testFour" time="0.001"/>
  <testcase classname="com.testng.training.SamplClassTwo" name="sampleTestTwoMethodOne" time="0.001"/>
  <testcase classname="com.testng.training.SamplClassTwo" name="sampleTestTwoMethodTwo" time="0.001"/>
  <testcase classname="com.testng.training.SampleTestOne" name="sampleTestOneMethodOne" time="0.0"/>
  <testcase classname="com.testng.training.SampleTestOne" name="sampleTestOneMethodTwo" time="0.001"/>
  <testcase classname="com.testng.training.SkippingExample" name="testFour" time="0.001"/>
  <testcase classname="com.testng.training.SkippingExample" name="testOne" time="0.0"/>
  <testcase classname="com.testng.training.SkippingExample" name="testThree" time="0.001">
    <skipped/>
  </testcase> <!-- testThree -->
  <testcase classname="com.testng.training.SoftAssertionExample" name="testCaseOne" time="0.009">
    <failure type="java.lang.AssertionError" message="The following asserts failed:
	Second hard assert failed expected [true] but found [false]">
      <![CDATA[java.lang.AssertionError: The following asserts failed:
Second hard assert failed expected [true] but found [false]
at com.testng.training.SoftAssertionExample.testCaseOne(SoftAssertionExample.java:17)
at java.base/java.util.ArrayList.forEach(ArrayList.java:1511)
... Removed 29 stack frames]]>
    </failure>
  </testcase> <!-- testCaseOne -->
  <testcase classname="com.testng.training.SoftAssertionExample" name="testCaseThree" time="0.001"/>
  <testcase classname="com.testng.training.SoftAssertionExample" name="testCasetwo" time="0.002">
    <failure type="java.lang.AssertionError" message="The following asserts failed:
	Second soft assert failed expected [true] but found [false]">
      <![CDATA[java.lang.AssertionError: The following asserts failed:
Second soft assert failed expected [true] but found [false]
at com.testng.training.SoftAssertionExample.testCasetwo(SoftAssertionExample.java:28)
at java.base/java.util.ArrayList.forEach(ArrayList.java:1511)
... Removed 29 stack frames]]>
    </failure>
  </testcase> <!-- testCasetwo -->
  <testcase classname="com.testng.training.TestCaseGrouping" name="testCaseFour" time="0.001"/>
  <testcase classname="com.testng.training.TestCaseGrouping" name="testCaseOne" time="0.001"/>
  <testcase classname="com.testng.training.TestCaseGrouping" name="testCaseThree" time="0.001"/>
  <testcase classname="com.testng.training.TestCaseGrouping" name="testCaseTwo" time="0.0"/>
  <testcase classname="com.testng.training.TestParameters" name="testCaseOne" time="0.0">
    <failure type="org.testng.TestNGException" message="
Parameter &amp;apos;browser&amp;apos; is required by @Test on method testCaseOne but has not been marked @Optional or defined
in E:\eclipse_workspace\javaBasics_workspace\MyTestNGProject\testng.xml">
      <![CDATA[org.testng.TestNGException: 
Parameter 'browser' is required by @Test on method testCaseOne but has not been marked @Optional or defined
in E:\eclipse_workspace\javaBasics_workspace\MyTestNGProject\testng.xml
at java.base/java.util.ArrayList.forEach(ArrayList.java:1511)
... Removed 26 stack frames]]>
    </failure>
  </testcase> <!-- testCaseOne -->
  <testcase classname="com.testng.training.TestParameters" name="testCaseTwo" time="0.0">
    <failure type="org.testng.TestNGException" message="
Parameter &amp;apos;userName&amp;apos; is required by @Test on method testCaseTwo but has not been marked @Optional or defined
in E:\eclipse_workspace\javaBasics_workspace\MyTestNGProject\testng.xml">
      <![CDATA[org.testng.TestNGException: 
Parameter 'userName' is required by @Test on method testCaseTwo but has not been marked @Optional or defined
in E:\eclipse_workspace\javaBasics_workspace\MyTestNGProject\testng.xml
at java.base/java.util.ArrayList.forEach(ArrayList.java:1511)
... Removed 26 stack frames]]>
    </failure>
  </testcase> <!-- testCaseTwo -->
  <testcase classname="com.testng.training.SkippingExample" name="testTwo" time="0.0">
    <ignored/>
  </testcase> <!-- testTwo -->
</testsuite> <!-- Sample Test Case for Package -->
